CRITICAL - 2026-01-21 23:27:13 --> Error: Class "App\Models\AlumnoModel" not found
[Method: GET, Route: alumnos]
in APPPATH/Controllers/Alumnos.php on line 11.
 1 SYSTEMPATH/CodeIgniter.php(933): App\Controllers\Alumnos->index()
 2 SYSTEMPATH/CodeIgniter.php(507): CodeIgniter\CodeIgniter->runController(Object(App\Controllers\Alumnos))
 3 SYSTEMPATH/CodeIgniter.php(354): CodeIgniter\CodeIgniter->handleRequest(null, Object(Config\Cache), false)
 4 SYSTEMPATH/Boot.php(363): CodeIgniter\CodeIgniter->run()
 5 SYSTEMPATH/Boot.php(68): CodeIgniter\Boot::runCodeIgniter(Object(CodeIgniter\CodeIgniter))
 6 FCPATH/index.php(59): CodeIgniter\Boot::bootWeb(Object(Config\Paths))
ERROR - 2026-01-21 23:32:20 --> mysqli_sql_exception: Table 'crud_test.alumnos' doesn't exist in /opt/lampp/htdocs/prueba-crud/system/Database/MySQLi/Connection.php:327
Stack trace:
#0 /opt/lampp/htdocs/prueba-crud/system/Database/MySQLi/Connection.php(327): mysqli->query('SELECT *\nFROM `...', 0)
#1 /opt/lampp/htdocs/prueba-crud/system/Database/BaseConnection.php(729): CodeIgniter\Database\MySQLi\Connection->execute('SELECT *\nFROM `...')
#2 /opt/lampp/htdocs/prueba-crud/system/Database/BaseConnection.php(646): CodeIgniter\Database\BaseConnection->simpleQuery('SELECT *\nFROM `...')
#3 /opt/lampp/htdocs/prueba-crud/system/Database/BaseBuilder.php(1649): CodeIgniter\Database\BaseConnection->query('SELECT *\nFROM `...', Array, false)
#4 /opt/lampp/htdocs/prueba-crud/system/Model.php(286): CodeIgniter\Database\BaseBuilder->get()
#5 /opt/lampp/htdocs/prueba-crud/system/BaseModel.php(677): CodeIgniter\Model->doFindAll(0, 0)
#6 /opt/lampp/htdocs/prueba-crud/app/Controllers/Alumnos.php(12): CodeIgniter\BaseModel->findAll()
#7 /opt/lampp/htdocs/prueba-crud/system/CodeIgniter.php(933): App\Controllers\Alumnos->index()
#8 /opt/lampp/htdocs/prueba-crud/system/CodeIgniter.php(507): CodeIgniter\CodeIgniter->runController(Object(App\Controllers\Alumnos))
#9 /opt/lampp/htdocs/prueba-crud/system/CodeIgniter.php(354): CodeIgniter\CodeIgniter->handleRequest(NULL, Object(Config\Cache), false)
#10 /opt/lampp/htdocs/prueba-crud/system/Boot.php(363): CodeIgniter\CodeIgniter->run()
#11 /opt/lampp/htdocs/prueba-crud/system/Boot.php(68): CodeIgniter\Boot::runCodeIgniter(Object(CodeIgniter\CodeIgniter))
#12 /opt/lampp/htdocs/prueba-crud/public/index.php(59): CodeIgniter\Boot::bootWeb(Object(Config\Paths))
#13 {main}
CRITICAL - 2026-01-21 23:32:20 --> CodeIgniter\Database\Exceptions\DatabaseException: Table 'crud_test.alumnos' doesn't exist
[Method: GET, Route: alumnos]
in SYSTEMPATH/Database/BaseConnection.php on line 684.
 1 SYSTEMPATH/Database/BaseBuilder.php(1649): CodeIgniter\Database\BaseConnection->query('SELECT *
FROM `alumnos`', [], false)
 2 SYSTEMPATH/Model.php(286): CodeIgniter\Database\BaseBuilder->get()
 3 SYSTEMPATH/BaseModel.php(677): CodeIgniter\Model->doFindAll(0, 0)
 4 APPPATH/Controllers/Alumnos.php(12): CodeIgniter\BaseModel->findAll()
 5 SYSTEMPATH/CodeIgniter.php(933): App\Controllers\Alumnos->index()
 6 SYSTEMPATH/CodeIgniter.php(507): CodeIgniter\CodeIgniter->runController(Object(App\Controllers\Alumnos))
 7 SYSTEMPATH/CodeIgniter.php(354): CodeIgniter\CodeIgniter->handleRequest(null, Object(Config\Cache), false)
 8 SYSTEMPATH/Boot.php(363): CodeIgniter\CodeIgniter->run()
 9 SYSTEMPATH/Boot.php(68): CodeIgniter\Boot::runCodeIgniter(Object(CodeIgniter\CodeIgniter))
10 FCPATH/index.php(59): CodeIgniter\Boot::bootWeb(Object(Config\Paths))
CRITICAL - 2026-01-21 23:32:20 --> [Caused by] CodeIgniter\Database\Exceptions\DatabaseException: Table 'crud_test.alumnos' doesn't exist
in SYSTEMPATH/Database/MySQLi/Connection.php on line 332.
 1 SYSTEMPATH/Database/BaseConnection.php(729): CodeIgniter\Database\MySQLi\Connection->execute('SELECT *
FROM `alumnos`')
 2 SYSTEMPATH/Database/BaseConnection.php(646): CodeIgniter\Database\BaseConnection->simpleQuery('SELECT *
FROM `alumnos`')
 3 SYSTEMPATH/Database/BaseBuilder.php(1649): CodeIgniter\Database\BaseConnection->query('SELECT *
FROM `alumnos`', [], false)
 4 SYSTEMPATH/Model.php(286): CodeIgniter\Database\BaseBuilder->get()
 5 SYSTEMPATH/BaseModel.php(677): CodeIgniter\Model->doFindAll(0, 0)
 6 APPPATH/Controllers/Alumnos.php(12): CodeIgniter\BaseModel->findAll()
 7 SYSTEMPATH/CodeIgniter.php(933): App\Controllers\Alumnos->index()
 8 SYSTEMPATH/CodeIgniter.php(507): CodeIgniter\CodeIgniter->runController(Object(App\Controllers\Alumnos))
 9 SYSTEMPATH/CodeIgniter.php(354): CodeIgniter\CodeIgniter->handleRequest(null, Object(Config\Cache), false)
10 SYSTEMPATH/Boot.php(363): CodeIgniter\CodeIgniter->run()
11 SYSTEMPATH/Boot.php(68): CodeIgniter\Boot::runCodeIgniter(Object(CodeIgniter\CodeIgniter))
12 FCPATH/index.php(59): CodeIgniter\Boot::bootWeb(Object(Config\Paths))
CRITICAL - 2026-01-21 23:32:20 --> [Caused by] mysqli_sql_exception: Table 'crud_test.alumnos' doesn't exist
in SYSTEMPATH/Database/MySQLi/Connection.php on line 327.
 1 SYSTEMPATH/Database/MySQLi/Connection.php(327): mysqli->query('SELECT *
FROM `alumnos`', 0)
 2 SYSTEMPATH/Database/BaseConnection.php(729): CodeIgniter\Database\MySQLi\Connection->execute('SELECT *
FROM `alumnos`')
 3 SYSTEMPATH/Database/BaseConnection.php(646): CodeIgniter\Database\BaseConnection->simpleQuery('SELECT *
FROM `alumnos`')
 4 SYSTEMPATH/Database/BaseBuilder.php(1649): CodeIgniter\Database\BaseConnection->query('SELECT *
FROM `alumnos`', [], false)
 5 SYSTEMPATH/Model.php(286): CodeIgniter\Database\BaseBuilder->get()
 6 SYSTEMPATH/BaseModel.php(677): CodeIgniter\Model->doFindAll(0, 0)
 7 APPPATH/Controllers/Alumnos.php(12): CodeIgniter\BaseModel->findAll()
 8 SYSTEMPATH/CodeIgniter.php(933): App\Controllers\Alumnos->index()
 9 SYSTEMPATH/CodeIgniter.php(507): CodeIgniter\CodeIgniter->runController(Object(App\Controllers\Alumnos))
10 SYSTEMPATH/CodeIgniter.php(354): CodeIgniter\CodeIgniter->handleRequest(null, Object(Config\Cache), false)
11 SYSTEMPATH/Boot.php(363): CodeIgniter\CodeIgniter->run()
12 SYSTEMPATH/Boot.php(68): CodeIgniter\Boot::runCodeIgniter(Object(CodeIgniter\CodeIgniter))
13 FCPATH/index.php(59): CodeIgniter\Boot::bootWeb(Object(Config\Paths))
ERROR - 2026-01-21 23:32:22 --> mysqli_sql_exception: Table 'crud_test.alumnos' doesn't exist in /opt/lampp/htdocs/prueba-crud/system/Database/MySQLi/Connection.php:327
Stack trace:
#0 /opt/lampp/htdocs/prueba-crud/system/Database/MySQLi/Connection.php(327): mysqli->query('SELECT *\nFROM `...', 0)
#1 /opt/lampp/htdocs/prueba-crud/system/Database/BaseConnection.php(729): CodeIgniter\Database\MySQLi\Connection->execute('SELECT *\nFROM `...')
#2 /opt/lampp/htdocs/prueba-crud/system/Database/BaseConnection.php(646): CodeIgniter\Database\BaseConnection->simpleQuery('SELECT *\nFROM `...')
#3 /opt/lampp/htdocs/prueba-crud/system/Database/BaseBuilder.php(1649): CodeIgniter\Database\BaseConnection->query('SELECT *\nFROM `...', Array, false)
#4 /opt/lampp/htdocs/prueba-crud/system/Model.php(286): CodeIgniter\Database\BaseBuilder->get()
#5 /opt/lampp/htdocs/prueba-crud/system/BaseModel.php(677): CodeIgniter\Model->doFindAll(0, 0)
#6 /opt/lampp/htdocs/prueba-crud/app/Controllers/Alumnos.php(12): CodeIgniter\BaseModel->findAll()
#7 /opt/lampp/htdocs/prueba-crud/system/CodeIgniter.php(933): App\Controllers\Alumnos->index()
#8 /opt/lampp/htdocs/prueba-crud/system/CodeIgniter.php(507): CodeIgniter\CodeIgniter->runController(Object(App\Controllers\Alumnos))
#9 /opt/lampp/htdocs/prueba-crud/system/CodeIgniter.php(354): CodeIgniter\CodeIgniter->handleRequest(NULL, Object(Config\Cache), false)
#10 /opt/lampp/htdocs/prueba-crud/system/Boot.php(363): CodeIgniter\CodeIgniter->run()
#11 /opt/lampp/htdocs/prueba-crud/system/Boot.php(68): CodeIgniter\Boot::runCodeIgniter(Object(CodeIgniter\CodeIgniter))
#12 /opt/lampp/htdocs/prueba-crud/public/index.php(59): CodeIgniter\Boot::bootWeb(Object(Config\Paths))
#13 {main}
CRITICAL - 2026-01-21 23:32:22 --> CodeIgniter\Database\Exceptions\DatabaseException: Table 'crud_test.alumnos' doesn't exist
[Method: GET, Route: alumnos]
in SYSTEMPATH/Database/BaseConnection.php on line 684.
 1 SYSTEMPATH/Database/BaseBuilder.php(1649): CodeIgniter\Database\BaseConnection->query('SELECT *
FROM `alumnos`', [], false)
 2 SYSTEMPATH/Model.php(286): CodeIgniter\Database\BaseBuilder->get()
 3 SYSTEMPATH/BaseModel.php(677): CodeIgniter\Model->doFindAll(0, 0)
 4 APPPATH/Controllers/Alumnos.php(12): CodeIgniter\BaseModel->findAll()
 5 SYSTEMPATH/CodeIgniter.php(933): App\Controllers\Alumnos->index()
 6 SYSTEMPATH/CodeIgniter.php(507): CodeIgniter\CodeIgniter->runController(Object(App\Controllers\Alumnos))
 7 SYSTEMPATH/CodeIgniter.php(354): CodeIgniter\CodeIgniter->handleRequest(null, Object(Config\Cache), false)
 8 SYSTEMPATH/Boot.php(363): CodeIgniter\CodeIgniter->run()
 9 SYSTEMPATH/Boot.php(68): CodeIgniter\Boot::runCodeIgniter(Object(CodeIgniter\CodeIgniter))
10 FCPATH/index.php(59): CodeIgniter\Boot::bootWeb(Object(Config\Paths))
CRITICAL - 2026-01-21 23:32:22 --> [Caused by] CodeIgniter\Database\Exceptions\DatabaseException: Table 'crud_test.alumnos' doesn't exist
in SYSTEMPATH/Database/MySQLi/Connection.php on line 332.
 1 SYSTEMPATH/Database/BaseConnection.php(729): CodeIgniter\Database\MySQLi\Connection->execute('SELECT *
FROM `alumnos`')
 2 SYSTEMPATH/Database/BaseConnection.php(646): CodeIgniter\Database\BaseConnection->simpleQuery('SELECT *
FROM `alumnos`')
 3 SYSTEMPATH/Database/BaseBuilder.php(1649): CodeIgniter\Database\BaseConnection->query('SELECT *
FROM `alumnos`', [], false)
 4 SYSTEMPATH/Model.php(286): CodeIgniter\Database\BaseBuilder->get()
 5 SYSTEMPATH/BaseModel.php(677): CodeIgniter\Model->doFindAll(0, 0)
 6 APPPATH/Controllers/Alumnos.php(12): CodeIgniter\BaseModel->findAll()
 7 SYSTEMPATH/CodeIgniter.php(933): App\Controllers\Alumnos->index()
 8 SYSTEMPATH/CodeIgniter.php(507): CodeIgniter\CodeIgniter->runController(Object(App\Controllers\Alumnos))
 9 SYSTEMPATH/CodeIgniter.php(354): CodeIgniter\CodeIgniter->handleRequest(null, Object(Config\Cache), false)
10 SYSTEMPATH/Boot.php(363): CodeIgniter\CodeIgniter->run()
11 SYSTEMPATH/Boot.php(68): CodeIgniter\Boot::runCodeIgniter(Object(CodeIgniter\CodeIgniter))
12 FCPATH/index.php(59): CodeIgniter\Boot::bootWeb(Object(Config\Paths))
CRITICAL - 2026-01-21 23:32:22 --> [Caused by] mysqli_sql_exception: Table 'crud_test.alumnos' doesn't exist
in SYSTEMPATH/Database/MySQLi/Connection.php on line 327.
 1 SYSTEMPATH/Database/MySQLi/Connection.php(327): mysqli->query('SELECT *
FROM `alumnos`', 0)
 2 SYSTEMPATH/Database/BaseConnection.php(729): CodeIgniter\Database\MySQLi\Connection->execute('SELECT *
FROM `alumnos`')
 3 SYSTEMPATH/Database/BaseConnection.php(646): CodeIgniter\Database\BaseConnection->simpleQuery('SELECT *
FROM `alumnos`')
 4 SYSTEMPATH/Database/BaseBuilder.php(1649): CodeIgniter\Database\BaseConnection->query('SELECT *
FROM `alumnos`', [], false)
 5 SYSTEMPATH/Model.php(286): CodeIgniter\Database\BaseBuilder->get()
 6 SYSTEMPATH/BaseModel.php(677): CodeIgniter\Model->doFindAll(0, 0)
 7 APPPATH/Controllers/Alumnos.php(12): CodeIgniter\BaseModel->findAll()
 8 SYSTEMPATH/CodeIgniter.php(933): App\Controllers\Alumnos->index()
 9 SYSTEMPATH/CodeIgniter.php(507): CodeIgniter\CodeIgniter->runController(Object(App\Controllers\Alumnos))
10 SYSTEMPATH/CodeIgniter.php(354): CodeIgniter\CodeIgniter->handleRequest(null, Object(Config\Cache), false)
11 SYSTEMPATH/Boot.php(363): CodeIgniter\CodeIgniter->run()
12 SYSTEMPATH/Boot.php(68): CodeIgniter\Boot::runCodeIgniter(Object(CodeIgniter\CodeIgniter))
13 FCPATH/index.php(59): CodeIgniter\Boot::bootWeb(Object(Config\Paths))
CRITICAL - 2026-01-21 23:33:31 --> ErrorException: Undefined variable $alumnos
[Method: GET, Route: alumnos]
in APPPATH/Views/alumnos/index.php on line 10.
 1 APPPATH/Views/alumnos/index.php(10): CodeIgniter\Debug\Exceptions->errorHandler(2, 'Undefined variable $alumnos', '/opt/lampp/htdocs/prueba-crud/app/Views/alumnos/index.php', 10)
 2 SYSTEMPATH/View/View.php(226): include('/opt/lampp/htdocs/prueba-crud/app/Views/alumnos/index.php')
 3 SYSTEMPATH/View/View.php(229): CodeIgniter\View\View->CodeIgniter\View\{closure}()
 4 SYSTEMPATH/Common.php(1199): CodeIgniter\View\View->render('alumnos/index', [], true)
 5 APPPATH/Controllers/Alumnos.php(13): view('alumnos/index')
 6 SYSTEMPATH/CodeIgniter.php(933): App\Controllers\Alumnos->index()
 7 SYSTEMPATH/CodeIgniter.php(507): CodeIgniter\CodeIgniter->runController(Object(App\Controllers\Alumnos))
 8 SYSTEMPATH/CodeIgniter.php(354): CodeIgniter\CodeIgniter->handleRequest(null, Object(Config\Cache), false)
 9 SYSTEMPATH/Boot.php(363): CodeIgniter\CodeIgniter->run()
10 SYSTEMPATH/Boot.php(68): CodeIgniter\Boot::runCodeIgniter(Object(CodeIgniter\CodeIgniter))
11 FCPATH/index.php(59): CodeIgniter\Boot::bootWeb(Object(Config\Paths))
CRITICAL - 2026-01-21 23:33:32 --> ErrorException: Undefined variable $alumnos
[Method: GET, Route: alumnos]
in APPPATH/Views/alumnos/index.php on line 10.
 1 APPPATH/Views/alumnos/index.php(10): CodeIgniter\Debug\Exceptions->errorHandler(2, 'Undefined variable $alumnos', '/opt/lampp/htdocs/prueba-crud/app/Views/alumnos/index.php', 10)
 2 SYSTEMPATH/View/View.php(226): include('/opt/lampp/htdocs/prueba-crud/app/Views/alumnos/index.php')
 3 SYSTEMPATH/View/View.php(229): CodeIgniter\View\View->CodeIgniter\View\{closure}()
 4 SYSTEMPATH/Common.php(1199): CodeIgniter\View\View->render('alumnos/index', [], true)
 5 APPPATH/Controllers/Alumnos.php(13): view('alumnos/index')
 6 SYSTEMPATH/CodeIgniter.php(933): App\Controllers\Alumnos->index()
 7 SYSTEMPATH/CodeIgniter.php(507): CodeIgniter\CodeIgniter->runController(Object(App\Controllers\Alumnos))
 8 SYSTEMPATH/CodeIgniter.php(354): CodeIgniter\CodeIgniter->handleRequest(null, Object(Config\Cache), false)
 9 SYSTEMPATH/Boot.php(363): CodeIgniter\CodeIgniter->run()
10 SYSTEMPATH/Boot.php(68): CodeIgniter\Boot::runCodeIgniter(Object(CodeIgniter\CodeIgniter))
11 FCPATH/index.php(59): CodeIgniter\Boot::bootWeb(Object(Config\Paths))
CRITICAL - 2026-01-21 23:33:33 --> ErrorException: Undefined variable $alumnos
[Method: GET, Route: alumnos]
in APPPATH/Views/alumnos/index.php on line 10.
 1 APPPATH/Views/alumnos/index.php(10): CodeIgniter\Debug\Exceptions->errorHandler(2, 'Undefined variable $alumnos', '/opt/lampp/htdocs/prueba-crud/app/Views/alumnos/index.php', 10)
 2 SYSTEMPATH/View/View.php(226): include('/opt/lampp/htdocs/prueba-crud/app/Views/alumnos/index.php')
 3 SYSTEMPATH/View/View.php(229): CodeIgniter\View\View->CodeIgniter\View\{closure}()
 4 SYSTEMPATH/Common.php(1199): CodeIgniter\View\View->render('alumnos/index', [], true)
 5 APPPATH/Controllers/Alumnos.php(13): view('alumnos/index')
 6 SYSTEMPATH/CodeIgniter.php(933): App\Controllers\Alumnos->index()
 7 SYSTEMPATH/CodeIgniter.php(507): CodeIgniter\CodeIgniter->runController(Object(App\Controllers\Alumnos))
 8 SYSTEMPATH/CodeIgniter.php(354): CodeIgniter\CodeIgniter->handleRequest(null, Object(Config\Cache), false)
 9 SYSTEMPATH/Boot.php(363): CodeIgniter\CodeIgniter->run()
10 SYSTEMPATH/Boot.php(68): CodeIgniter\Boot::runCodeIgniter(Object(CodeIgniter\CodeIgniter))
11 FCPATH/index.php(59): CodeIgniter\Boot::bootWeb(Object(Config\Paths))
CRITICAL - 2026-01-21 23:33:33 --> ErrorException: Undefined variable $alumnos
[Method: GET, Route: alumnos]
in APPPATH/Views/alumnos/index.php on line 10.
 1 APPPATH/Views/alumnos/index.php(10): CodeIgniter\Debug\Exceptions->errorHandler(2, 'Undefined variable $alumnos', '/opt/lampp/htdocs/prueba-crud/app/Views/alumnos/index.php', 10)
 2 SYSTEMPATH/View/View.php(226): include('/opt/lampp/htdocs/prueba-crud/app/Views/alumnos/index.php')
 3 SYSTEMPATH/View/View.php(229): CodeIgniter\View\View->CodeIgniter\View\{closure}()
 4 SYSTEMPATH/Common.php(1199): CodeIgniter\View\View->render('alumnos/index', [], true)
 5 APPPATH/Controllers/Alumnos.php(13): view('alumnos/index')
 6 SYSTEMPATH/CodeIgniter.php(933): App\Controllers\Alumnos->index()
 7 SYSTEMPATH/CodeIgniter.php(507): CodeIgniter\CodeIgniter->runController(Object(App\Controllers\Alumnos))
 8 SYSTEMPATH/CodeIgniter.php(354): CodeIgniter\CodeIgniter->handleRequest(null, Object(Config\Cache), false)
 9 SYSTEMPATH/Boot.php(363): CodeIgniter\CodeIgniter->run()
10 SYSTEMPATH/Boot.php(68): CodeIgniter\Boot::runCodeIgniter(Object(CodeIgniter\CodeIgniter))
11 FCPATH/index.php(59): CodeIgniter\Boot::bootWeb(Object(Config\Paths))
CRITICAL - 2026-01-21 23:33:33 --> ErrorException: Undefined variable $alumnos
[Method: GET, Route: alumnos]
in APPPATH/Views/alumnos/index.php on line 10.
 1 APPPATH/Views/alumnos/index.php(10): CodeIgniter\Debug\Exceptions->errorHandler(2, 'Undefined variable $alumnos', '/opt/lampp/htdocs/prueba-crud/app/Views/alumnos/index.php', 10)
 2 SYSTEMPATH/View/View.php(226): include('/opt/lampp/htdocs/prueba-crud/app/Views/alumnos/index.php')
 3 SYSTEMPATH/View/View.php(229): CodeIgniter\View\View->CodeIgniter\View\{closure}()
 4 SYSTEMPATH/Common.php(1199): CodeIgniter\View\View->render('alumnos/index', [], true)
 5 APPPATH/Controllers/Alumnos.php(13): view('alumnos/index')
 6 SYSTEMPATH/CodeIgniter.php(933): App\Controllers\Alumnos->index()
 7 SYSTEMPATH/CodeIgniter.php(507): CodeIgniter\CodeIgniter->runController(Object(App\Controllers\Alumnos))
 8 SYSTEMPATH/CodeIgniter.php(354): CodeIgniter\CodeIgniter->handleRequest(null, Object(Config\Cache), false)
 9 SYSTEMPATH/Boot.php(363): CodeIgniter\CodeIgniter->run()
10 SYSTEMPATH/Boot.php(68): CodeIgniter\Boot::runCodeIgniter(Object(CodeIgniter\CodeIgniter))
11 FCPATH/index.php(59): CodeIgniter\Boot::bootWeb(Object(Config\Paths))
CRITICAL - 2026-01-21 23:33:34 --> ErrorException: Undefined variable $alumnos
[Method: GET, Route: alumnos]
in APPPATH/Views/alumnos/index.php on line 10.
 1 APPPATH/Views/alumnos/index.php(10): CodeIgniter\Debug\Exceptions->errorHandler(2, 'Undefined variable $alumnos', '/opt/lampp/htdocs/prueba-crud/app/Views/alumnos/index.php', 10)
 2 SYSTEMPATH/View/View.php(226): include('/opt/lampp/htdocs/prueba-crud/app/Views/alumnos/index.php')
 3 SYSTEMPATH/View/View.php(229): CodeIgniter\View\View->CodeIgniter\View\{closure}()
 4 SYSTEMPATH/Common.php(1199): CodeIgniter\View\View->render('alumnos/index', [], true)
 5 APPPATH/Controllers/Alumnos.php(13): view('alumnos/index')
 6 SYSTEMPATH/CodeIgniter.php(933): App\Controllers\Alumnos->index()
 7 SYSTEMPATH/CodeIgniter.php(507): CodeIgniter\CodeIgniter->runController(Object(App\Controllers\Alumnos))
 8 SYSTEMPATH/CodeIgniter.php(354): CodeIgniter\CodeIgniter->handleRequest(null, Object(Config\Cache), false)
 9 SYSTEMPATH/Boot.php(363): CodeIgniter\CodeIgniter->run()
10 SYSTEMPATH/Boot.php(68): CodeIgniter\Boot::runCodeIgniter(Object(CodeIgniter\CodeIgniter))
11 FCPATH/index.php(59): CodeIgniter\Boot::bootWeb(Object(Config\Paths))
CRITICAL - 2026-01-21 23:33:34 --> ErrorException: Undefined variable $alumnos
[Method: GET, Route: alumnos]
in APPPATH/Views/alumnos/index.php on line 10.
 1 APPPATH/Views/alumnos/index.php(10): CodeIgniter\Debug\Exceptions->errorHandler(2, 'Undefined variable $alumnos', '/opt/lampp/htdocs/prueba-crud/app/Views/alumnos/index.php', 10)
 2 SYSTEMPATH/View/View.php(226): include('/opt/lampp/htdocs/prueba-crud/app/Views/alumnos/index.php')
 3 SYSTEMPATH/View/View.php(229): CodeIgniter\View\View->CodeIgniter\View\{closure}()
 4 SYSTEMPATH/Common.php(1199): CodeIgniter\View\View->render('alumnos/index', [], true)
 5 APPPATH/Controllers/Alumnos.php(13): view('alumnos/index')
 6 SYSTEMPATH/CodeIgniter.php(933): App\Controllers\Alumnos->index()
 7 SYSTEMPATH/CodeIgniter.php(507): CodeIgniter\CodeIgniter->runController(Object(App\Controllers\Alumnos))
 8 SYSTEMPATH/CodeIgniter.php(354): CodeIgniter\CodeIgniter->handleRequest(null, Object(Config\Cache), false)
 9 SYSTEMPATH/Boot.php(363): CodeIgniter\CodeIgniter->run()
10 SYSTEMPATH/Boot.php(68): CodeIgniter\Boot::runCodeIgniter(Object(CodeIgniter\CodeIgniter))
11 FCPATH/index.php(59): CodeIgniter\Boot::bootWeb(Object(Config\Paths))
CRITICAL - 2026-01-21 23:33:34 --> ErrorException: Undefined variable $alumnos
[Method: GET, Route: alumnos]
in APPPATH/Views/alumnos/index.php on line 10.
 1 APPPATH/Views/alumnos/index.php(10): CodeIgniter\Debug\Exceptions->errorHandler(2, 'Undefined variable $alumnos', '/opt/lampp/htdocs/prueba-crud/app/Views/alumnos/index.php', 10)
 2 SYSTEMPATH/View/View.php(226): include('/opt/lampp/htdocs/prueba-crud/app/Views/alumnos/index.php')
 3 SYSTEMPATH/View/View.php(229): CodeIgniter\View\View->CodeIgniter\View\{closure}()
 4 SYSTEMPATH/Common.php(1199): CodeIgniter\View\View->render('alumnos/index', [], true)
 5 APPPATH/Controllers/Alumnos.php(13): view('alumnos/index')
 6 SYSTEMPATH/CodeIgniter.php(933): App\Controllers\Alumnos->index()
 7 SYSTEMPATH/CodeIgniter.php(507): CodeIgniter\CodeIgniter->runController(Object(App\Controllers\Alumnos))
 8 SYSTEMPATH/CodeIgniter.php(354): CodeIgniter\CodeIgniter->handleRequest(null, Object(Config\Cache), false)
 9 SYSTEMPATH/Boot.php(363): CodeIgniter\CodeIgniter->run()
10 SYSTEMPATH/Boot.php(68): CodeIgniter\Boot::runCodeIgniter(Object(CodeIgniter\CodeIgniter))
11 FCPATH/index.php(59): CodeIgniter\Boot::bootWeb(Object(Config\Paths))
CRITICAL - 2026-01-21 23:33:34 --> ErrorException: Undefined variable $alumnos
[Method: GET, Route: alumnos]
in APPPATH/Views/alumnos/index.php on line 10.
 1 APPPATH/Views/alumnos/index.php(10): CodeIgniter\Debug\Exceptions->errorHandler(2, 'Undefined variable $alumnos', '/opt/lampp/htdocs/prueba-crud/app/Views/alumnos/index.php', 10)
 2 SYSTEMPATH/View/View.php(226): include('/opt/lampp/htdocs/prueba-crud/app/Views/alumnos/index.php')
 3 SYSTEMPATH/View/View.php(229): CodeIgniter\View\View->CodeIgniter\View\{closure}()
 4 SYSTEMPATH/Common.php(1199): CodeIgniter\View\View->render('alumnos/index', [], true)
 5 APPPATH/Controllers/Alumnos.php(13): view('alumnos/index')
 6 SYSTEMPATH/CodeIgniter.php(933): App\Controllers\Alumnos->index()
 7 SYSTEMPATH/CodeIgniter.php(507): CodeIgniter\CodeIgniter->runController(Object(App\Controllers\Alumnos))
 8 SYSTEMPATH/CodeIgniter.php(354): CodeIgniter\CodeIgniter->handleRequest(null, Object(Config\Cache), false)
 9 SYSTEMPATH/Boot.php(363): CodeIgniter\CodeIgniter->run()
10 SYSTEMPATH/Boot.php(68): CodeIgniter\Boot::runCodeIgniter(Object(CodeIgniter\CodeIgniter))
11 FCPATH/index.php(59): CodeIgniter\Boot::bootWeb(Object(Config\Paths))
CRITICAL - 2026-01-21 23:33:34 --> ErrorException: Undefined variable $alumnos
[Method: GET, Route: alumnos]
in APPPATH/Views/alumnos/index.php on line 10.
 1 APPPATH/Views/alumnos/index.php(10): CodeIgniter\Debug\Exceptions->errorHandler(2, 'Undefined variable $alumnos', '/opt/lampp/htdocs/prueba-crud/app/Views/alumnos/index.php', 10)
 2 SYSTEMPATH/View/View.php(226): include('/opt/lampp/htdocs/prueba-crud/app/Views/alumnos/index.php')
 3 SYSTEMPATH/View/View.php(229): CodeIgniter\View\View->CodeIgniter\View\{closure}()
 4 SYSTEMPATH/Common.php(1199): CodeIgniter\View\View->render('alumnos/index', [], true)
 5 APPPATH/Controllers/Alumnos.php(13): view('alumnos/index')
 6 SYSTEMPATH/CodeIgniter.php(933): App\Controllers\Alumnos->index()
 7 SYSTEMPATH/CodeIgniter.php(507): CodeIgniter\CodeIgniter->runController(Object(App\Controllers\Alumnos))
 8 SYSTEMPATH/CodeIgniter.php(354): CodeIgniter\CodeIgniter->handleRequest(null, Object(Config\Cache), false)
 9 SYSTEMPATH/Boot.php(363): CodeIgniter\CodeIgniter->run()
10 SYSTEMPATH/Boot.php(68): CodeIgniter\Boot::runCodeIgniter(Object(CodeIgniter\CodeIgniter))
11 FCPATH/index.php(59): CodeIgniter\Boot::bootWeb(Object(Config\Paths))
CRITICAL - 2026-01-21 23:33:34 --> ErrorException: Undefined variable $alumnos
[Method: GET, Route: alumnos]
in APPPATH/Views/alumnos/index.php on line 10.
 1 APPPATH/Views/alumnos/index.php(10): CodeIgniter\Debug\Exceptions->errorHandler(2, 'Undefined variable $alumnos', '/opt/lampp/htdocs/prueba-crud/app/Views/alumnos/index.php', 10)
 2 SYSTEMPATH/View/View.php(226): include('/opt/lampp/htdocs/prueba-crud/app/Views/alumnos/index.php')
 3 SYSTEMPATH/View/View.php(229): CodeIgniter\View\View->CodeIgniter\View\{closure}()
 4 SYSTEMPATH/Common.php(1199): CodeIgniter\View\View->render('alumnos/index', [], true)
 5 APPPATH/Controllers/Alumnos.php(13): view('alumnos/index')
 6 SYSTEMPATH/CodeIgniter.php(933): App\Controllers\Alumnos->index()
 7 SYSTEMPATH/CodeIgniter.php(507): CodeIgniter\CodeIgniter->runController(Object(App\Controllers\Alumnos))
 8 SYSTEMPATH/CodeIgniter.php(354): CodeIgniter\CodeIgniter->handleRequest(null, Object(Config\Cache), false)
 9 SYSTEMPATH/Boot.php(363): CodeIgniter\CodeIgniter->run()
10 SYSTEMPATH/Boot.php(68): CodeIgniter\Boot::runCodeIgniter(Object(CodeIgniter\CodeIgniter))
11 FCPATH/index.php(59): CodeIgniter\Boot::bootWeb(Object(Config\Paths))
CRITICAL - 2026-01-21 23:33:35 --> ErrorException: Undefined variable $alumnos
[Method: GET, Route: alumnos]
in APPPATH/Views/alumnos/index.php on line 10.
 1 APPPATH/Views/alumnos/index.php(10): CodeIgniter\Debug\Exceptions->errorHandler(2, 'Undefined variable $alumnos', '/opt/lampp/htdocs/prueba-crud/app/Views/alumnos/index.php', 10)
 2 SYSTEMPATH/View/View.php(226): include('/opt/lampp/htdocs/prueba-crud/app/Views/alumnos/index.php')
 3 SYSTEMPATH/View/View.php(229): CodeIgniter\View\View->CodeIgniter\View\{closure}()
 4 SYSTEMPATH/Common.php(1199): CodeIgniter\View\View->render('alumnos/index', [], true)
 5 APPPATH/Controllers/Alumnos.php(13): view('alumnos/index')
 6 SYSTEMPATH/CodeIgniter.php(933): App\Controllers\Alumnos->index()
 7 SYSTEMPATH/CodeIgniter.php(507): CodeIgniter\CodeIgniter->runController(Object(App\Controllers\Alumnos))
 8 SYSTEMPATH/CodeIgniter.php(354): CodeIgniter\CodeIgniter->handleRequest(null, Object(Config\Cache), false)
 9 SYSTEMPATH/Boot.php(363): CodeIgniter\CodeIgniter->run()
10 SYSTEMPATH/Boot.php(68): CodeIgniter\Boot::runCodeIgniter(Object(CodeIgniter\CodeIgniter))
11 FCPATH/index.php(59): CodeIgniter\Boot::bootWeb(Object(Config\Paths))
CRITICAL - 2026-01-21 23:37:11 --> ErrorException: Undefined variable $alumnos
[Method: GET, Route: alumnos]
in APPPATH/Views/alumnos/index.php on line 10.
 1 APPPATH/Views/alumnos/index.php(10): CodeIgniter\Debug\Exceptions->errorHandler(2, 'Undefined variable $alumnos', '/opt/lampp/htdocs/prueba-crud/app/Views/alumnos/index.php', 10)
 2 SYSTEMPATH/View/View.php(226): include('/opt/lampp/htdocs/prueba-crud/app/Views/alumnos/index.php')
 3 SYSTEMPATH/View/View.php(229): CodeIgniter\View\View->CodeIgniter\View\{closure}()
 4 SYSTEMPATH/Common.php(1199): CodeIgniter\View\View->render('alumnos/index', [], true)
 5 APPPATH/Controllers/Alumnos.php(13): view('alumnos/index')
 6 SYSTEMPATH/CodeIgniter.php(933): App\Controllers\Alumnos->index()
 7 SYSTEMPATH/CodeIgniter.php(507): CodeIgniter\CodeIgniter->runController(Object(App\Controllers\Alumnos))
 8 SYSTEMPATH/CodeIgniter.php(354): CodeIgniter\CodeIgniter->handleRequest(null, Object(Config\Cache), false)
 9 SYSTEMPATH/Boot.php(363): CodeIgniter\CodeIgniter->run()
10 SYSTEMPATH/Boot.php(68): CodeIgniter\Boot::runCodeIgniter(Object(CodeIgniter\CodeIgniter))
11 FCPATH/index.php(59): CodeIgniter\Boot::bootWeb(Object(Config\Paths))
ERROR - 2026-01-21 23:37:26 --> mysqli_sql_exception: Table 'crud_test.alumnos' doesn't exist in /opt/lampp/htdocs/prueba-crud/system/Database/MySQLi/Connection.php:327
Stack trace:
#0 /opt/lampp/htdocs/prueba-crud/system/Database/MySQLi/Connection.php(327): mysqli->query('SELECT *\nFROM `...', 0)
#1 /opt/lampp/htdocs/prueba-crud/system/Database/BaseConnection.php(729): CodeIgniter\Database\MySQLi\Connection->execute('SELECT *\nFROM `...')
#2 /opt/lampp/htdocs/prueba-crud/system/Database/BaseConnection.php(646): CodeIgniter\Database\BaseConnection->simpleQuery('SELECT *\nFROM `...')
#3 /opt/lampp/htdocs/prueba-crud/system/Database/BaseBuilder.php(1649): CodeIgniter\Database\BaseConnection->query('SELECT *\nFROM `...', Array, false)
#4 /opt/lampp/htdocs/prueba-crud/system/Model.php(286): CodeIgniter\Database\BaseBuilder->get()
#5 /opt/lampp/htdocs/prueba-crud/system/BaseModel.php(677): CodeIgniter\Model->doFindAll(0, 0)
#6 /opt/lampp/htdocs/prueba-crud/app/Controllers/Alumnos.php(12): CodeIgniter\BaseModel->findAll()
#7 /opt/lampp/htdocs/prueba-crud/system/CodeIgniter.php(933): App\Controllers\Alumnos->index()
#8 /opt/lampp/htdocs/prueba-crud/system/CodeIgniter.php(507): CodeIgniter\CodeIgniter->runController(Object(App\Controllers\Alumnos))
#9 /opt/lampp/htdocs/prueba-crud/system/CodeIgniter.php(354): CodeIgniter\CodeIgniter->handleRequest(NULL, Object(Config\Cache), false)
#10 /opt/lampp/htdocs/prueba-crud/system/Boot.php(363): CodeIgniter\CodeIgniter->run()
#11 /opt/lampp/htdocs/prueba-crud/system/Boot.php(68): CodeIgniter\Boot::runCodeIgniter(Object(CodeIgniter\CodeIgniter))
#12 /opt/lampp/htdocs/prueba-crud/public/index.php(59): CodeIgniter\Boot::bootWeb(Object(Config\Paths))
#13 {main}
CRITICAL - 2026-01-21 23:37:26 --> CodeIgniter\Database\Exceptions\DatabaseException: Table 'crud_test.alumnos' doesn't exist
[Method: GET, Route: alumnos]
in SYSTEMPATH/Database/BaseConnection.php on line 684.
 1 SYSTEMPATH/Database/BaseBuilder.php(1649): CodeIgniter\Database\BaseConnection->query('SELECT *
FROM `alumnos`', [], false)
 2 SYSTEMPATH/Model.php(286): CodeIgniter\Database\BaseBuilder->get()
 3 SYSTEMPATH/BaseModel.php(677): CodeIgniter\Model->doFindAll(0, 0)
 4 APPPATH/Controllers/Alumnos.php(12): CodeIgniter\BaseModel->findAll()
 5 SYSTEMPATH/CodeIgniter.php(933): App\Controllers\Alumnos->index()
 6 SYSTEMPATH/CodeIgniter.php(507): CodeIgniter\CodeIgniter->runController(Object(App\Controllers\Alumnos))
 7 SYSTEMPATH/CodeIgniter.php(354): CodeIgniter\CodeIgniter->handleRequest(null, Object(Config\Cache), false)
 8 SYSTEMPATH/Boot.php(363): CodeIgniter\CodeIgniter->run()
 9 SYSTEMPATH/Boot.php(68): CodeIgniter\Boot::runCodeIgniter(Object(CodeIgniter\CodeIgniter))
10 FCPATH/index.php(59): CodeIgniter\Boot::bootWeb(Object(Config\Paths))
CRITICAL - 2026-01-21 23:37:26 --> [Caused by] CodeIgniter\Database\Exceptions\DatabaseException: Table 'crud_test.alumnos' doesn't exist
in SYSTEMPATH/Database/MySQLi/Connection.php on line 332.
 1 SYSTEMPATH/Database/BaseConnection.php(729): CodeIgniter\Database\MySQLi\Connection->execute('SELECT *
FROM `alumnos`')
 2 SYSTEMPATH/Database/BaseConnection.php(646): CodeIgniter\Database\BaseConnection->simpleQuery('SELECT *
FROM `alumnos`')
 3 SYSTEMPATH/Database/BaseBuilder.php(1649): CodeIgniter\Database\BaseConnection->query('SELECT *
FROM `alumnos`', [], false)
 4 SYSTEMPATH/Model.php(286): CodeIgniter\Database\BaseBuilder->get()
 5 SYSTEMPATH/BaseModel.php(677): CodeIgniter\Model->doFindAll(0, 0)
 6 APPPATH/Controllers/Alumnos.php(12): CodeIgniter\BaseModel->findAll()
 7 SYSTEMPATH/CodeIgniter.php(933): App\Controllers\Alumnos->index()
 8 SYSTEMPATH/CodeIgniter.php(507): CodeIgniter\CodeIgniter->runController(Object(App\Controllers\Alumnos))
 9 SYSTEMPATH/CodeIgniter.php(354): CodeIgniter\CodeIgniter->handleRequest(null, Object(Config\Cache), false)
10 SYSTEMPATH/Boot.php(363): CodeIgniter\CodeIgniter->run()
11 SYSTEMPATH/Boot.php(68): CodeIgniter\Boot::runCodeIgniter(Object(CodeIgniter\CodeIgniter))
12 FCPATH/index.php(59): CodeIgniter\Boot::bootWeb(Object(Config\Paths))
CRITICAL - 2026-01-21 23:37:26 --> [Caused by] mysqli_sql_exception: Table 'crud_test.alumnos' doesn't exist
in SYSTEMPATH/Database/MySQLi/Connection.php on line 327.
 1 SYSTEMPATH/Database/MySQLi/Connection.php(327): mysqli->query('SELECT *
FROM `alumnos`', 0)
 2 SYSTEMPATH/Database/BaseConnection.php(729): CodeIgniter\Database\MySQLi\Connection->execute('SELECT *
FROM `alumnos`')
 3 SYSTEMPATH/Database/BaseConnection.php(646): CodeIgniter\Database\BaseConnection->simpleQuery('SELECT *
FROM `alumnos`')
 4 SYSTEMPATH/Database/BaseBuilder.php(1649): CodeIgniter\Database\BaseConnection->query('SELECT *
FROM `alumnos`', [], false)
 5 SYSTEMPATH/Model.php(286): CodeIgniter\Database\BaseBuilder->get()
 6 SYSTEMPATH/BaseModel.php(677): CodeIgniter\Model->doFindAll(0, 0)
 7 APPPATH/Controllers/Alumnos.php(12): CodeIgniter\BaseModel->findAll()
 8 SYSTEMPATH/CodeIgniter.php(933): App\Controllers\Alumnos->index()
 9 SYSTEMPATH/CodeIgniter.php(507): CodeIgniter\CodeIgniter->runController(Object(App\Controllers\Alumnos))
10 SYSTEMPATH/CodeIgniter.php(354): CodeIgniter\CodeIgniter->handleRequest(null, Object(Config\Cache), false)
11 SYSTEMPATH/Boot.php(363): CodeIgniter\CodeIgniter->run()
12 SYSTEMPATH/Boot.php(68): CodeIgniter\Boot::runCodeIgniter(Object(CodeIgniter\CodeIgniter))
13 FCPATH/index.php(59): CodeIgniter\Boot::bootWeb(Object(Config\Paths))
CRITICAL - 2026-01-21 23:39:21 --> ErrorException: Undefined variable $alumnos
[Method: GET, Route: alumnos]
in APPPATH/Views/alumnos/index.php on line 10.
 1 APPPATH/Views/alumnos/index.php(10): CodeIgniter\Debug\Exceptions->errorHandler(2, 'Undefined variable $alumnos', '/opt/lampp/htdocs/prueba-crud/app/Views/alumnos/index.php', 10)
 2 SYSTEMPATH/View/View.php(226): include('/opt/lampp/htdocs/prueba-crud/app/Views/alumnos/index.php')
 3 SYSTEMPATH/View/View.php(229): CodeIgniter\View\View->CodeIgniter\View\{closure}()
 4 SYSTEMPATH/Common.php(1199): CodeIgniter\View\View->render('alumnos/index', [], true)
 5 APPPATH/Controllers/Alumnos.php(13): view('alumnos/index')
 6 SYSTEMPATH/CodeIgniter.php(933): App\Controllers\Alumnos->index()
 7 SYSTEMPATH/CodeIgniter.php(507): CodeIgniter\CodeIgniter->runController(Object(App\Controllers\Alumnos))
 8 SYSTEMPATH/CodeIgniter.php(354): CodeIgniter\CodeIgniter->handleRequest(null, Object(Config\Cache), false)
 9 SYSTEMPATH/Boot.php(363): CodeIgniter\CodeIgniter->run()
10 SYSTEMPATH/Boot.php(68): CodeIgniter\Boot::runCodeIgniter(Object(CodeIgniter\CodeIgniter))
11 FCPATH/index.php(59): CodeIgniter\Boot::bootWeb(Object(Config\Paths))
CRITICAL - 2026-01-21 23:44:06 --> ErrorException: Undefined variable $alumno
[Method: GET, Route: alumnos/create]
in APPPATH/Views/alumnos/create.php on line 1.
 1 APPPATH/Views/alumnos/create.php(1): CodeIgniter\Debug\Exceptions->errorHandler(2, 'Undefined variable $alumno', '/opt/lampp/htdocs/prueba-crud/app/Views/alumnos/create.php', 1)
 2 SYSTEMPATH/View/View.php(226): include('/opt/lampp/htdocs/prueba-crud/app/Views/alumnos/create.php')
 3 SYSTEMPATH/View/View.php(229): CodeIgniter\View\View->CodeIgniter\View\{closure}()
 4 SYSTEMPATH/Common.php(1199): CodeIgniter\View\View->render('alumnos/create', [], true)
 5 APPPATH/Controllers/Alumnos.php(18): view('alumnos/create')
 6 SYSTEMPATH/CodeIgniter.php(933): App\Controllers\Alumnos->renderCreate()
 7 SYSTEMPATH/CodeIgniter.php(507): CodeIgniter\CodeIgniter->runController(Object(App\Controllers\Alumnos))
 8 SYSTEMPATH/CodeIgniter.php(354): CodeIgniter\CodeIgniter->handleRequest(null, Object(Config\Cache), false)
 9 SYSTEMPATH/Boot.php(363): CodeIgniter\CodeIgniter->run()
10 SYSTEMPATH/Boot.php(68): CodeIgniter\Boot::runCodeIgniter(Object(CodeIgniter\CodeIgniter))
11 FCPATH/index.php(59): CodeIgniter\Boot::bootWeb(Object(Config\Paths))
